[22:38:42.081] [INFO] storybook v10.3.5
[22:38:42.180] [DEBUG] Getting package.json info for /Users/eunji/Desktop/design-system/package.json...
[22:38:42.661] [DEBUG] Serving static files from node_modules/@chromatic-com/storybook/assets at /addon-visual-tests-assets
[22:38:42.661] [DEBUG] Serving static files from public at /
[22:38:42.661] [INFO] Starting...
[22:38:43.143] [DEBUG] Starting preview..
[22:38:43.148] [WARN] 🚨 Unable to index ./stories/GridTokens.mdx,./stories/Spacing.mdx:
  Error: You have two component docs pages with the same name Semantics/Spacing:Docs. Use `<Meta of={} name="Other Name">` to distinguish them.
    at _StoryIndexGenerator.chooseDuplicate (file:///Users/eunji/Desktop/design-system/node_modules/storybook/dist/core-server/index.js:6243:15)
    at file:///Users/eunji/Desktop/design-system/node_modules/storybook/dist/core-server/index.js:6287:52
    at Array.forEach (<anonymous>)
    at _StoryIndexGenerator.getIndexAndStats (file:///Users/eunji/Desktop/design-system/node_modules/storybook/dist/core-server/index.js:6284:23)
    at async _StoryIndexGenerator.getIndex (file:///Users/eunji/Desktop/design-system/node_modules/storybook/dist/core-server/index.js:6271:13)
    at async getOptimizeDeps (file:///Users/eunji/Desktop/design-system/node_modules/@storybook/builder-vite/dist/index.js:1879:15)
    at async createViteServer (file:///Users/eunji/Desktop/design-system/node_modules/@storybook/builder-vite/dist/index.js:1906:19)
    at async Module.start (file:///Users/eunji/Desktop/design-system/node_modules/@storybook/builder-vite/dist/index.js:1934:17)
    at async storybookDevServer (file:///Users/eunji/Desktop/design-system/node_modules/storybook/dist/core-server/index.js:7503:83)
    at async buildOrThrow (file:///Users/eunji/Desktop/design-system/node_modules/storybook/dist/core-server/index.js:4508:12)
[22:38:43.149] [ERROR] Failed to build the preview
[22:38:43.150] [ERROR] Error: Unable to index ./stories/GridTokens.mdx,./stories/Spacing.mdx
    at _StoryIndexGenerator.getIndexAndStats (file://./node_modules/storybook/dist/core-server/index.js:6292:15)
    at async _StoryIndexGenerator.getIndex (file://./node_modules/storybook/dist/core-server/index.js:6271:13)
    at async getOptimizeDeps (file://./node_modules/@storybook/builder-vite/dist/index.js:1879:15)
    at async createViteServer (file://./node_modules/@storybook/builder-vite/dist/index.js:1906:19)
    at async Module.start (file://./node_modules/@storybook/builder-vite/dist/index.js:1934:17)
    at async storybookDevServer (file://./node_modules/storybook/dist/core-server/index.js:7503:83)
    at async buildOrThrow (file://./node_modules/storybook/dist/core-server/index.js:4508:12)
    at async buildDevStandalone (file://./node_modules/storybook/dist/core-server/index.js:8033:41)
    at async withTelemetry (file://./node_modules/storybook/dist/_node-chunks/chunk-FIR43JGQ.js:225:12)
    at async dev (file://./node_modules/storybook/dist/bin/core.js:2736:3)
[22:38:43.150] [WARN] Broken build, fix the error above.
You may need to refresh the browser.